<?xml version="1.0" encoding="UTF-8" ?>
<testsuite tests="18" failures="0" name="Runer.TestRunner" time="23.394" errors="4" skipped="4">
  <properties>
    <property name="java.runtime.name" value="Java(TM) SE Runtime Environment"/>
    <property name="sun.boot.library.path" value="C:\Program Files\Java\jdk1.8.0_162\jre\bin"/>
    <property name="java.vm.version" value="25.162-b12"/>
    <property name="java.vm.vendor" value="Oracle Corporation"/>
    <property name="java.vendor.url" value="http://java.oracle.com/"/>
    <property name="path.separator" value=";"/>
    <property name="guice.disable.misplaced.annotation.check" value="true"/>
    <property name="java.vm.name" value="Java HotSpot(TM) 64-Bit Server VM"/>
    <property name="file.encoding.pkg" value="sun.io"/>
    <property name="user.script" value=""/>
    <property name="user.country" value="US"/>
    <property name="sun.java.launcher" value="SUN_STANDARD"/>
    <property name="sun.os.patch.level" value=""/>
    <property name="test" value="Runer.TestRunner"/>
    <property name="java.vm.specification.name" value="Java Virtual Machine Specification"/>
    <property name="user.dir" value="C:\Users\Sergii\Documents\NetBeansProjects\CucumberBDDTest"/>
    <property name="java.runtime.version" value="1.8.0_162-b12"/>
    <property name="java.awt.graphicsenv" value="sun.awt.Win32GraphicsEnvironment"/>
    <property name="java.endorsed.dirs" value="C:\Program Files\Java\jdk1.8.0_162\jre\lib\endorsed"/>
    <property name="os.arch" value="amd64"/>
    <property name="java.io.tmpdir" value="C:\Users\Sergii\AppData\Local\Temp\"/>
    <property name="line.separator" value="
"/>
    <property name="java.vm.specification.vendor" value="Oracle Corporation"/>
    <property name="user.variant" value=""/>
    <property name="os.name" value="Windows 10"/>
    <property name="maven.ext.class.path" value="C:\Program Files\NetBeans 8.2\java\maven-nblib\netbeans-eventspy.jar"/>
    <property name="classworlds.conf" value="C:\Program Files\NetBeans 8.2\java\maven\bin\m2.conf"/>
    <property name="sun.jnu.encoding" value="Cp1252"/>
    <property name="java.library.path" value="C:\Program Files\Java\jdk1.8.0_162\bin;C:\Windows\Sun\Java\bin;C:\Windows\system32;C:\Windows;C:\Program Files (x86)\Common Files\Oracle\Java\javapath;C:\ProgramData\Oracle\Java\javapath;C:\Windows\system32;C:\Windows;C:\Windows\System32\Wbem;C:\Windows\System32\WindowsPowerShell\v1.0\;C:\Program Files\Git\cmd;C:\Program Files\Java\jdk1.8.0_162\bin\;D:\QA\apache-maven-3.5.3\bin\;C:\Program Files\PuTTY\;C:\Users\Sergii\AppData\Local\Microsoft\WindowsApps;;."/>
    <property name="java.specification.name" value="Java Platform API Specification"/>
    <property name="java.class.version" value="52.0"/>
    <property name="sun.management.compiler" value="HotSpot 64-Bit Tiered Compilers"/>
    <property name="os.version" value="10.0"/>
    <property name="user.home" value="C:\Users\Sergii"/>
    <property name="user.timezone" value="America/Chicago"/>
    <property name="java.awt.printerjob" value="sun.awt.windows.WPrinterJob"/>
    <property name="java.specification.version" value="1.8"/>
    <property name="file.encoding" value="UTF-8"/>
    <property name="user.name" value="Sergii"/>
    <property name="java.class.path" value="C:\Program Files\NetBeans 8.2\java\maven\boot\plexus-classworlds-2.4.jar"/>
    <property name="java.vm.specification.version" value="1.8"/>
    <property name="sun.arch.data.model" value="64"/>
    <property name="java.home" value="C:\Program Files\Java\jdk1.8.0_162\jre"/>
    <property name="sun.java.command" value="org.codehaus.plexus.classworlds.launcher.Launcher -Dtest=Runer.TestRunner -Dmaven.ext.class.path=C:\Program Files\NetBeans 8.2\java\maven-nblib\netbeans-eventspy.jar -Dfile.encoding=UTF-8 surefire:test"/>
    <property name="java.specification.vendor" value="Oracle Corporation"/>
    <property name="user.language" value="en"/>
    <property name="awt.toolkit" value="sun.awt.windows.WToolkit"/>
    <property name="java.vm.info" value="mixed mode"/>
    <property name="java.version" value="1.8.0_162"/>
    <property name="java.ext.dirs" value="C:\Program Files\Java\jdk1.8.0_162\jre\lib\ext;C:\Windows\Sun\Java\lib\ext"/>
    <property name="sun.boot.class.path" value="C:\Program Files\Java\jdk1.8.0_162\jre\lib\resources.jar;C:\Program Files\Java\jdk1.8.0_162\jre\lib\rt.jar;C:\Program Files\Java\jdk1.8.0_162\jre\lib\sunrsasign.jar;C:\Program Files\Java\jdk1.8.0_162\jre\lib\jsse.jar;C:\Program Files\Java\jdk1.8.0_162\jre\lib\jce.jar;C:\Program Files\Java\jdk1.8.0_162\jre\lib\charsets.jar;C:\Program Files\Java\jdk1.8.0_162\jre\lib\jfr.jar;C:\Program Files\Java\jdk1.8.0_162\jre\classes"/>
    <property name="java.vendor" value="Oracle Corporation"/>
    <property name="maven.home" value="C:\Program Files\NetBeans 8.2\java\maven"/>
    <property name="file.separator" value="\"/>
    <property name="java.vendor.url.bug" value="http://bugreport.sun.com/bugreport/"/>
    <property name="sun.cpu.endian" value="little"/>
    <property name="sun.io.unicode.encoding" value="UnicodeLittle"/>
    <property name="sun.desktop" value="windows"/>
    <property name="sun.cpu.isalist" value="amd64"/>
  </properties>
  <testcase classname="| Sergii | Test123 | Tom | Peter | Manager |" name="Given user is already on Login Page" time="0.001"/>
  <testcase classname="| Sergii | Test123 | Tom | Peter | Manager |" name="When title of Login Page is CRM" time="0"/>
  <testcase classname="| Sergii | Test123 | Tom | Peter | Manager |" name="Then user enters \&quot;Sergii\&quot; and \&quot;Test123\&quot;" time="0"/>
  <testcase classname="| Sergii | Test123 | Tom | Peter | Manager |" name="Then user clicks on Login button" time="0"/>
  <testcase classname="| Sergii | Test123 | Tom | Peter | Manager |" name="Then user is on Home Page" time="0"/>
  <testcase classname="| Sergii | Test123 | Tom | Peter | Manager |" name="Then user moves to new contact page" time="0.005">
    <error type="java.lang.NullPointerException">java.lang.NullPointerException
	at stepDefinitions.ContactStepDefinition.user_moves_to_new_contact_page(ContactStepDefinition.java:19)
	at ✽.Then user moves to new contact page(./src/main/java/Features/contacts.feature:10)
</error>
  </testcase>
  <testcase classname="| Sergii | Test123 | Tom | Peter | Manager |" name="| Sergii | Test123 | Tom | Peter | Manager |" time="0.005">
    <error type="java.lang.NullPointerException">java.lang.NullPointerException
	at stepDefinitions.ContactStepDefinition.user_moves_to_new_contact_page(ContactStepDefinition.java:19)
	at ✽.Then user moves to new contact page(./src/main/java/Features/contacts.feature:10)
</error>
  </testcase>
  <testcase classname="| Sergii | Test123 | Tom | Peter | Manager |" name="Then user enters contact details \&quot;Tom\&quot; and \&quot;Peter\&quot; and \&quot;Manager\&quot;" time="0.006">
    <skipped/>
  </testcase>
  <testcase classname="| Sergii | Test123 | Tom | Peter | Manager |" name="Then close the browser" time="0.008">
    <skipped/>
  </testcase>
  <testcase classname="| Sergii | Test123 | John | Smith | Developer |" name="Given user is already on Login Page" time="0"/>
  <testcase classname="| Sergii | Test123 | John | Smith | Developer |" name="When title of Login Page is CRM" time="0"/>
  <testcase classname="| Sergii | Test123 | John | Smith | Developer |" name="Then user enters \&quot;Sergii\&quot; and \&quot;Test123\&quot;" time="0"/>
  <testcase classname="| Sergii | Test123 | John | Smith | Developer |" name="Then user clicks on Login button" time="0"/>
  <testcase classname="| Sergii | Test123 | John | Smith | Developer |" name="Then user is on Home Page" time="0"/>
  <testcase classname="| Sergii | Test123 | John | Smith | Developer |" name="Then user moves to new contact page" time="0">
    <error type="java.lang.NullPointerException">java.lang.NullPointerException
	at stepDefinitions.ContactStepDefinition.user_moves_to_new_contact_page(ContactStepDefinition.java:19)
	at ✽.Then user moves to new contact page(./src/main/java/Features/contacts.feature:10)
</error>
  </testcase>
  <testcase classname="| Sergii | Test123 | John | Smith | Developer |" name="| Sergii | Test123 | John | Smith | Developer |" time="0.001">
    <error type="java.lang.NullPointerException">java.lang.NullPointerException
	at stepDefinitions.ContactStepDefinition.user_moves_to_new_contact_page(ContactStepDefinition.java:19)
	at ✽.Then user moves to new contact page(./src/main/java/Features/contacts.feature:10)
</error>
  </testcase>
  <testcase classname="| Sergii | Test123 | John | Smith | Developer |" name="Then user enters contact details \&quot;John\&quot; and \&quot;Smith\&quot; and \&quot;Developer\&quot;" time="0.003">
    <skipped/>
  </testcase>
  <testcase classname="| Sergii | Test123 | John | Smith | Developer |" name="Then close the browser" time="0.004">
    <skipped/>
  </testcase>
</testsuite>